Analysis & Synthesis report for MIPS_Processor
Tue May 15 20:42:57 2018
Quartus II 64-Bit Version 13.1.0 Build 162 10/23/2013 SJ Web Edition


---------------------
; Table of Contents ;
---------------------
  1. Legal Notice
  2. Analysis & Synthesis Summary
  3. Analysis & Synthesis Settings
  4. Parallel Compilation
  5. Analysis & Synthesis Source Files Read
  6. Analysis & Synthesis Resource Usage Summary
  7. Analysis & Synthesis Resource Utilization by Entity
  8. Registers Removed During Synthesis
  9. General Register Statistics
 10. Analysis & Synthesis Messages



----------------
; Legal Notice ;
----------------
Copyright (C) 1991-2013 Altera Corporation
Your use of Altera Corporation's design tools, logic functions 
and other software and tools, and its AMPP partner logic 
functions, and any output files from any of the foregoing 
(including device programming or simulation files), and any 
associated documentation or information are expressly subject 
to the terms and conditions of the Altera Program License 
Subscription Agreement, Altera MegaCore Function License 
Agreement, or other applicable license agreement, including, 
without limitation, that your use is for the sole purpose of 
programming logic devices manufactured by Altera and sold by 
Altera or its authorized distributors.  Please refer to the 
applicable agreement for further details.



+--------------------------------------------------------------------------+
; Analysis & Synthesis Summary                                             ;
+-----------------------------+--------------------------------------------+
; Analysis & Synthesis Status ; Successful - Tue May 15 20:42:57 2018      ;
; Quartus II 64-Bit Version   ; 13.1.0 Build 162 10/23/2013 SJ Web Edition ;
; Revision Name               ; MIPS_Processor                             ;
; Top-level Entity Name       ; byteControl                                ;
; Family                      ; MAX V                                      ;
; Total logic elements        ; 9                                          ;
; Total pins                  ; 66                                         ;
; Total virtual pins          ; 0                                          ;
; UFM blocks                  ; 0 / 1 ( 0 % )                              ;
+-----------------------------+--------------------------------------------+


+----------------------------------------------------------------------------------------------------------------------+
; Analysis & Synthesis Settings                                                                                        ;
+----------------------------------------------------------------------------+--------------------+--------------------+
; Option                                                                     ; Setting            ; Default Value      ;
+----------------------------------------------------------------------------+--------------------+--------------------+
; Top-level entity name                                                      ; byteControl        ; MIPS_Processor     ;
; Family name                                                                ; MAX V              ; Cyclone IV GX      ;
; Use smart compilation                                                      ; Off                ; Off                ;
; Enable parallel Assembler and TimeQuest Timing Analyzer during compilation ; On                 ; On                 ;
; Enable compact report table                                                ; Off                ; Off                ;
; Restructure Multiplexers                                                   ; Auto               ; Auto               ;
; Create Debugging Nodes for IP Cores                                        ; Off                ; Off                ;
; Preserve fewer node names                                                  ; On                 ; On                 ;
; Disable OpenCore Plus hardware evaluation                                  ; Off                ; Off                ;
; Verilog Version                                                            ; Verilog_2001       ; Verilog_2001       ;
; VHDL Version                                                               ; VHDL_1993          ; VHDL_1993          ;
; State Machine Processing                                                   ; Auto               ; Auto               ;
; Safe State Machine                                                         ; Off                ; Off                ;
; Extract Verilog State Machines                                             ; On                 ; On                 ;
; Extract VHDL State Machines                                                ; On                 ; On                 ;
; Ignore Verilog initial constructs                                          ; Off                ; Off                ;
; Iteration limit for constant Verilog loops                                 ; 5000               ; 5000               ;
; Iteration limit for non-constant Verilog loops                             ; 250                ; 250                ;
; Add Pass-Through Logic to Inferred RAMs                                    ; On                 ; On                 ;
; Infer RAMs from Raw Logic                                                  ; On                 ; On                 ;
; Parallel Synthesis                                                         ; On                 ; On                 ;
; NOT Gate Push-Back                                                         ; On                 ; On                 ;
; Power-Up Don't Care                                                        ; On                 ; On                 ;
; Remove Redundant Logic Cells                                               ; Off                ; Off                ;
; Remove Duplicate Registers                                                 ; On                 ; On                 ;
; Ignore CARRY Buffers                                                       ; Off                ; Off                ;
; Ignore CASCADE Buffers                                                     ; Off                ; Off                ;
; Ignore GLOBAL Buffers                                                      ; Off                ; Off                ;
; Ignore ROW GLOBAL Buffers                                                  ; Off                ; Off                ;
; Ignore LCELL Buffers                                                       ; Off                ; Off                ;
; Ignore SOFT Buffers                                                        ; On                 ; On                 ;
; Limit AHDL Integers to 32 Bits                                             ; Off                ; Off                ;
; Optimization Technique                                                     ; Balanced           ; Balanced           ;
; Carry Chain Length                                                         ; 70                 ; 70                 ;
; Auto Carry Chains                                                          ; On                 ; On                 ;
; Auto Open-Drain Pins                                                       ; On                 ; On                 ;
; Perform WYSIWYG Primitive Resynthesis                                      ; Off                ; Off                ;
; Auto Shift Register Replacement                                            ; Auto               ; Auto               ;
; Allow Shift Register Merging across Hierarchies                            ; Auto               ; Auto               ;
; Auto Clock Enable Replacement                                              ; On                 ; On                 ;
; Allow Synchronous Control Signals                                          ; On                 ; On                 ;
; Force Use of Synchronous Clear Signals                                     ; Off                ; Off                ;
; Auto Resource Sharing                                                      ; Off                ; Off                ;
; Use LogicLock Constraints during Resource Balancing                        ; On                 ; On                 ;
; Ignore translate_off and synthesis_off directives                          ; Off                ; Off                ;
; Report Parameter Settings                                                  ; On                 ; On                 ;
; Report Source Assignments                                                  ; On                 ; On                 ;
; Report Connectivity Checks                                                 ; On                 ; On                 ;
; Ignore Maximum Fan-Out Assignments                                         ; Off                ; Off                ;
; Synchronization Register Chain Length                                      ; 2                  ; 2                  ;
; PowerPlay Power Optimization                                               ; Normal compilation ; Normal compilation ;
; HDL message level                                                          ; Level2             ; Level2             ;
; Suppress Register Optimization Related Messages                            ; Off                ; Off                ;
; Number of Removed Registers Reported in Synthesis Report                   ; 5000               ; 5000               ;
; Number of Swept Nodes Reported in Synthesis Report                         ; 5000               ; 5000               ;
; Number of Inverted Registers Reported in Synthesis Report                  ; 100                ; 100                ;
; Clock MUX Protection                                                       ; On                 ; On                 ;
; Block Design Naming                                                        ; Auto               ; Auto               ;
; Synthesis Effort                                                           ; Auto               ; Auto               ;
; Shift Register Replacement - Allow Asynchronous Clear Signal               ; On                 ; On                 ;
; Pre-Mapping Resynthesis Optimization                                       ; Off                ; Off                ;
; Analysis & Synthesis Message Level                                         ; Medium             ; Medium             ;
; Disable Register Merging Across Hierarchies                                ; Auto               ; Auto               ;
; Synthesis Seed                                                             ; 1                  ; 1                  ;
+----------------------------------------------------------------------------+--------------------+--------------------+


Parallel compilation was disabled, but you have multiple processors available. Enable parallel compilation to reduce compilation time.
+-------------------------------------+
; Parallel Compilation                ;
+----------------------------+--------+
; Processors                 ; Number ;
+----------------------------+--------+
; Number detected on machine ; 4      ;
; Maximum allowed            ; 1      ;
+----------------------------+--------+


+----------------------------------------------------------------------------------------------------------------------------------------------+
; Analysis & Synthesis Source Files Read                                                                                                       ;
+----------------------------------+-----------------+------------------------+------------------------------------------------------+---------+
; File Name with User-Entered Path ; Used in Netlist ; File Type              ; File Name with Absolute Path                         ; Library ;
+----------------------------------+-----------------+------------------------+------------------------------------------------------+---------+
; byteControl.v                    ; yes             ; User Verilog HDL File  ; /home/CIN/cmg/Documents/MIPS_Processor/byteControl.v ;         ;
+----------------------------------+-----------------+------------------------+------------------------------------------------------+---------+


+---------------------------------------------------------+
; Analysis & Synthesis Resource Usage Summary             ;
+---------------------------------------------+-----------+
; Resource                                    ; Usage     ;
+---------------------------------------------+-----------+
; Total logic elements                        ; 9         ;
;     -- Combinational with no register       ; 0         ;
;     -- Register only                        ; 0         ;
;     -- Combinational with a register        ; 9         ;
;                                             ;           ;
; Logic element usage by number of LUT inputs ;           ;
;     -- 4 input functions                    ; 0         ;
;     -- 3 input functions                    ; 0         ;
;     -- 2 input functions                    ; 9         ;
;     -- 1 input functions                    ; 0         ;
;     -- 0 input functions                    ; 0         ;
;                                             ;           ;
; Logic elements by mode                      ;           ;
;     -- normal mode                          ; 9         ;
;     -- arithmetic mode                      ; 0         ;
;     -- qfbk mode                            ; 0         ;
;     -- register cascade mode                ; 0         ;
;     -- synchronous clear/load mode          ; 0         ;
;     -- asynchronous clear/load mode         ; 0         ;
;                                             ;           ;
; Total registers                             ; 9         ;
; I/O pins                                    ; 66        ;
; Maximum fan-out node                        ; partition ;
; Maximum fan-out                             ; 9         ;
; Total fan-out                               ; 36        ;
; Average fan-out                             ; 0.48      ;
+---------------------------------------------+-----------+


+----------------------------------------------------------------------------------------------------------------------------------------------------------------------------------------------------------------------+
; Analysis & Synthesis Resource Utilization by Entity                                                                                                                                                                  ;
+----------------------------+-------------+--------------+------------+------+--------------+--------------+-------------------+------------------+-----------------+------------+---------------------+--------------+
; Compilation Hierarchy Node ; Logic Cells ; LC Registers ; UFM Blocks ; Pins ; Virtual Pins ; LUT-Only LCs ; Register-Only LCs ; LUT/Register LCs ; Carry Chain LCs ; Packed LCs ; Full Hierarchy Name ; Library Name ;
+----------------------------+-------------+--------------+------------+------+--------------+--------------+-------------------+------------------+-----------------+------------+---------------------+--------------+
; |byteControl               ; 9 (9)       ; 9            ; 0          ; 66   ; 0            ; 0 (0)        ; 0 (0)             ; 9 (9)            ; 0 (0)           ; 0 (0)      ; |byteControl        ; work         ;
+----------------------------+-------------+--------------+------------+------+--------------+--------------+-------------------+------------------+-----------------+------------+---------------------+--------------+
Note: For table entries with two numbers listed, the numbers in parentheses indicate the number of resources of the given type used by the specific entity alone. The numbers listed outside of parentheses indicate the total resources of the given type used by the specific entity and all of its sub-entities in the hierarchy.


+---------------------------------------------------------------------------------+
; Registers Removed During Synthesis                                              ;
+----------------------------------------+----------------------------------------+
; Register name                          ; Reason for Removal                     ;
+----------------------------------------+----------------------------------------+
; f[9]~reg0                              ; Stuck at GND due to stuck port data_in ;
; f[10]~reg0                             ; Stuck at GND due to stuck port data_in ;
; f[11]~reg0                             ; Stuck at GND due to stuck port data_in ;
; f[12]~reg0                             ; Stuck at GND due to stuck port data_in ;
; f[13]~reg0                             ; Stuck at GND due to stuck port data_in ;
; f[14]~reg0                             ; Stuck at GND due to stuck port data_in ;
; f[15]~reg0                             ; Stuck at GND due to stuck port data_in ;
; f[16]~reg0                             ; Stuck at GND due to stuck port data_in ;
; f[17]~reg0                             ; Stuck at GND due to stuck port data_in ;
; f[18]~reg0                             ; Stuck at GND due to stuck port data_in ;
; f[19]~reg0                             ; Stuck at GND due to stuck port data_in ;
; f[20]~reg0                             ; Stuck at GND due to stuck port data_in ;
; f[21]~reg0                             ; Stuck at GND due to stuck port data_in ;
; f[22]~reg0                             ; Stuck at GND due to stuck port data_in ;
; f[23]~reg0                             ; Stuck at GND due to stuck port data_in ;
; f[24]~reg0                             ; Stuck at GND due to stuck port data_in ;
; f[25]~reg0                             ; Stuck at GND due to stuck port data_in ;
; f[26]~reg0                             ; Stuck at GND due to stuck port data_in ;
; f[27]~reg0                             ; Stuck at GND due to stuck port data_in ;
; f[28]~reg0                             ; Stuck at GND due to stuck port data_in ;
; f[29]~reg0                             ; Stuck at GND due to stuck port data_in ;
; f[30]~reg0                             ; Stuck at GND due to stuck port data_in ;
; f[31]~reg0                             ; Stuck at GND due to stuck port data_in ;
; Total Number of Removed Registers = 23 ;                                        ;
+----------------------------------------+----------------------------------------+


+------------------------------------------------------+
; General Register Statistics                          ;
+----------------------------------------------+-------+
; Statistic                                    ; Value ;
+----------------------------------------------+-------+
; Total registers                              ; 9     ;
; Number of registers using Synchronous Clear  ; 0     ;
; Number of registers using Synchronous Load   ; 0     ;
; Number of registers using Asynchronous Clear ; 0     ;
; Number of registers using Asynchronous Load  ; 0     ;
; Number of registers using Clock Enable       ; 0     ;
; Number of registers using Preset             ; 0     ;
+----------------------------------------------+-------+


+-------------------------------+
; Analysis & Synthesis Messages ;
+-------------------------------+
Info: *******************************************************************
Info: Running Quartus II 64-Bit Analysis & Synthesis
    Info: Version 13.1.0 Build 162 10/23/2013 SJ Web Edition
    Info: Processing started: Tue May 15 20:42:55 2018
Info: Command: quartus_map --read_settings_files=on --write_settings_files=off MIPS_Processor -c MIPS_Processor
Warning (20028): Parallel compilation is not licensed and has been disabled
Info (12021): Found 1 design units, including 1 entities, in source file partControl.v
    Info (12023): Found entity 1: partControl
Info (12021): Found 2 design units, including 2 entities, in source file byteControl.v
    Info (12023): Found entity 1: byteControl
    Info (12023): Found entity 2: testBenchByteControl
Info (12021): Found 1 design units, including 1 entities, in source file mul.v
    Info (12023): Found entity 1: mul
Info (12021): Found 1 design units, including 1 entities, in source file div.v
    Info (12023): Found entity 1: div
Info (12021): Found 2 design units, including 1 entities, in source file Componentes do Projeto/ula32.vhd
    Info (12022): Found design unit 1: Ula32-behavioral
    Info (12023): Found entity 1: Ula32
Info (12021): Found 2 design units, including 1 entities, in source file Componentes do Projeto/Registrador.vhd
    Info (12022): Found design unit 1: Registrador-behavioral_arch
    Info (12023): Found entity 1: Registrador
Info (12021): Found 2 design units, including 1 entities, in source file Componentes do Projeto/RegDesloc.vhd
    Info (12022): Found design unit 1: RegDesloc-behavioral_arch
    Info (12023): Found entity 1: RegDesloc
Info (12021): Found 3 design units, including 1 entities, in source file Componentes do Projeto/Memoria.vhd
    Info (12022): Found design unit 1: ram_constants
    Info (12022): Found design unit 2: Memoria-behavioral_arch
    Info (12023): Found entity 1: Memoria
Info (12021): Found 2 design units, including 1 entities, in source file Componentes do Projeto/Instr_Reg.vhd
    Info (12022): Found design unit 1: Instr_Reg-behavioral_arch
    Info (12023): Found entity 1: Instr_Reg
Info (12021): Found 2 design units, including 1 entities, in source file Componentes do Projeto/Banco_reg.vhd
    Info (12022): Found design unit 1: Banco_reg-behavioral_arch
    Info (12023): Found entity 1: Banco_reg
Info (12127): Elaborating entity "byteControl" for the top level hierarchy
Warning (10199): Verilog HDL Case Statement warning at byteControl.v(19): case item expression never matches the case expression
Warning (10199): Verilog HDL Case Statement warning at byteControl.v(23): case item expression never matches the case expression
Warning (13024): Output pins are stuck at VCC or GND
    Warning (13410): Pin "f[9]" is stuck at GND
    Warning (13410): Pin "f[10]" is stuck at GND
    Warning (13410): Pin "f[11]" is stuck at GND
    Warning (13410): Pin "f[12]" is stuck at GND
    Warning (13410): Pin "f[13]" is stuck at GND
    Warning (13410): Pin "f[14]" is stuck at GND
    Warning (13410): Pin "f[15]" is stuck at GND
    Warning (13410): Pin "f[16]" is stuck at GND
    Warning (13410): Pin "f[17]" is stuck at GND
    Warning (13410): Pin "f[18]" is stuck at GND
    Warning (13410): Pin "f[19]" is stuck at GND
    Warning (13410): Pin "f[20]" is stuck at GND
    Warning (13410): Pin "f[21]" is stuck at GND
    Warning (13410): Pin "f[22]" is stuck at GND
    Warning (13410): Pin "f[23]" is stuck at GND
    Warning (13410): Pin "f[24]" is stuck at GND
    Warning (13410): Pin "f[25]" is stuck at GND
    Warning (13410): Pin "f[26]" is stuck at GND
    Warning (13410): Pin "f[27]" is stuck at GND
    Warning (13410): Pin "f[28]" is stuck at GND
    Warning (13410): Pin "f[29]" is stuck at GND
    Warning (13410): Pin "f[30]" is stuck at GND
    Warning (13410): Pin "f[31]" is stuck at GND
Warning (21074): Design contains 23 input pin(s) that do not drive logic
    Warning (15610): No output dependent on input pin "a[9]"
    Warning (15610): No output dependent on input pin "a[10]"
    Warning (15610): No output dependent on input pin "a[11]"
    Warning (15610): No output dependent on input pin "a[12]"
    Warning (15610): No output dependent on input pin "a[13]"
    Warning (15610): No output dependent on input pin "a[14]"
    Warning (15610): No output dependent on input pin "a[15]"
    Warning (15610): No output dependent on input pin "a[16]"
    Warning (15610): No output dependent on input pin "a[17]"
    Warning (15610): No output dependent on input pin "a[18]"
    Warning (15610): No output dependent on input pin "a[19]"
    Warning (15610): No output dependent on input pin "a[20]"
    Warning (15610): No output dependent on input pin "a[21]"
    Warning (15610): No output dependent on input pin "a[22]"
    Warning (15610): No output dependent on input pin "a[23]"
    Warning (15610): No output dependent on input pin "a[24]"
    Warning (15610): No output dependent on input pin "a[25]"
    Warning (15610): No output dependent on input pin "a[26]"
    Warning (15610): No output dependent on input pin "a[27]"
    Warning (15610): No output dependent on input pin "a[28]"
    Warning (15610): No output dependent on input pin "a[29]"
    Warning (15610): No output dependent on input pin "a[30]"
    Warning (15610): No output dependent on input pin "a[31]"
Info (21057): Implemented 75 device resources after synthesis - the final resource count might be different
    Info (21058): Implemented 34 input pins
    Info (21059): Implemented 32 output pins
    Info (21061): Implemented 9 logic cells
Info: Quartus II 64-Bit Analysis & Synthesis was successful. 0 errors, 51 warnings
    Info: Peak virtual memory: 688 megabytes
    Info: Processing ended: Tue May 15 20:42:57 2018
    Info: Elapsed time: 00:00:02
    Info: Total CPU time (on all processors): 00:00:02


