Flow report for MIPS_Processor
Wed May 16 17:03:10 2018
Quartus II 64-Bit Version 13.1.0 Build 162 10/23/2013 SJ Web Edition


---------------------
; Table of Contents ;
---------------------
  1. Legal Notice
  2. Flow Summary
  3. Flow Settings
  4. Flow Non-Default Global Settings
  5. Flow Elapsed Time
  6. Flow OS Summary
  7. Flow Log
  8. Flow Messages
  9. Flow Suppressed Messages



----------------
; Legal Notice ;
----------------
Copyright (C) 1991-2013 Altera Corporation
Your use of Altera Corporation's design tools, logic functions 
and other software and tools, and its AMPP partner logic 
functions, and any output files from any of the foregoing 
(including device programming or simulation files), and any 
associated documentation or information are expressly subject 
to the terms and conditions of the Altera Program License 
Subscription Agreement, Altera MegaCore Function License 
Agreement, or other applicable license agreement, including, 
without limitation, that your use is for the sole purpose of 
programming logic devices manufactured by Altera and sold by 
Altera or its authorized distributors.  Please refer to the 
applicable agreement for further details.



+------------------------------------------------------------------------+
; Flow Summary                                                           ;
+---------------------------+--------------------------------------------+
; Flow Status               ; Successful - Wed May 16 17:03:10 2018      ;
; Quartus II 64-Bit Version ; 13.1.0 Build 162 10/23/2013 SJ Web Edition ;
; Revision Name             ; MIPS_Processor                             ;
; Top-level Entity Name     ; UnidadeControle                            ;
; Family                    ; MAX V                                      ;
; Total logic elements      ; 0 / 1,270 ( 0 % )                          ;
; Total pins                ; 232 / 271 ( 86 % )                         ;
; Total virtual pins        ; 0                                          ;
; UFM blocks                ; 0 / 1 ( 0 % )                              ;
; Device                    ; 5M1270ZF324C4                              ;
; Timing Models             ; Final                                      ;
+---------------------------+--------------------------------------------+


+-----------------------------------------+
; Flow Settings                           ;
+-------------------+---------------------+
; Option            ; Setting             ;
+-------------------+---------------------+
; Start date & time ; 05/16/2018 17:00:29 ;
; Main task         ; Compilation         ;
; Revision Name     ; MIPS_Processor      ;
+-------------------+---------------------+


+-----------------------------------------------------------------------------------------------------------------------+
; Flow Non-Default Global Settings                                                                                      ;
+-------------------------------+---------------------------------------+----------------+-------------+----------------+
; Assignment Name               ; Value                                 ; Default Value  ; Entity Name ; Section Id     ;
+-------------------------------+---------------------------------------+----------------+-------------+----------------+
; COMPILER_SIGNATURE_ID         ; 0.152650082921418                     ; --             ; --          ; --             ;
; EDA_OUTPUT_DATA_FORMAT        ; Verilog Hdl                           ; --             ; --          ; eda_simulation ;
; EDA_SIMULATION_TOOL           ; ModelSim-Altera (Verilog)             ; <None>         ; --          ; --             ;
; EDA_TIME_SCALE                ; 1 ps                                  ; --             ; --          ; eda_simulation ;
; MAX_CORE_JUNCTION_TEMP        ; 85                                    ; --             ; --          ; --             ;
; MIN_CORE_JUNCTION_TEMP        ; 0                                     ; --             ; --          ; --             ;
; POWER_BOARD_THERMAL_MODEL     ; None (CONSERVATIVE)                   ; --             ; --          ; --             ;
; POWER_PRESET_COOLING_SOLUTION ; 23 MM HEAT SINK WITH 200 LFPM AIRFLOW ; --             ; --          ; --             ;
; PROJECT_OUTPUT_DIRECTORY      ; output_files                          ; --             ; --          ; --             ;
; TOP_LEVEL_ENTITY              ; UnidadeControle                       ; MIPS_Processor ; --          ; --             ;
+-------------------------------+---------------------------------------+----------------+-------------+----------------+


+-------------------------------------------------------------------------------------------------------------------------------+
; Flow Elapsed Time                                                                                                             ;
+---------------------------+--------------+-------------------------+---------------------+------------------------------------+
; Module Name               ; Elapsed Time ; Average Processors Used ; Peak Virtual Memory ; Total CPU Time (on all processors) ;
+---------------------------+--------------+-------------------------+---------------------+------------------------------------+
; Analysis & Synthesis      ; 00:00:03     ; 1.0                     ; 691 MB              ; 00:00:03                           ;
; Fitter                    ; 00:00:06     ; 1.0                     ; 785 MB              ; 00:00:04                           ;
; Assembler                 ; 00:00:01     ; 1.0                     ; 588 MB              ; 00:00:01                           ;
; TimeQuest Timing Analyzer ; 00:00:01     ; 1.0                     ; 578 MB              ; 00:00:01                           ;
; EDA Netlist Writer        ; 00:00:01     ; 1.0                     ; 846 MB              ; 00:00:01                           ;
; Total                     ; 00:00:12     ; --                      ; --                  ; 00:00:10                           ;
+---------------------------+--------------+-------------------------+---------------------+------------------------------------+


+---------------------------------------------------------------------------------------------+
; Flow OS Summary                                                                             ;
+---------------------------+------------------+----------------+------------+----------------+
; Module Name               ; Machine Hostname ; OS Name        ; OS Version ; Processor type ;
+---------------------------+------------------+----------------+------------+----------------+
; Analysis & Synthesis      ; ug2c05           ; Ubuntu 16.04.3 ; 16         ; x86_64         ;
; Fitter                    ; ug2c05           ; Ubuntu 16.04.3 ; 16         ; x86_64         ;
; Assembler                 ; ug2c05           ; Ubuntu 16.04.3 ; 16         ; x86_64         ;
; TimeQuest Timing Analyzer ; ug2c05           ; Ubuntu 16.04.3 ; 16         ; x86_64         ;
; EDA Netlist Writer        ; ug2c05           ; Ubuntu 16.04.3 ; 16         ; x86_64         ;
+---------------------------+------------------+----------------+------------+----------------+


------------
; Flow Log ;
------------
quartus_map --read_settings_files=on --write_settings_files=off MIPS_Processor -c MIPS_Processor
quartus_fit --read_settings_files=off --write_settings_files=off MIPS_Processor -c MIPS_Processor
quartus_asm --read_settings_files=off --write_settings_files=off MIPS_Processor -c MIPS_Processor
quartus_sta MIPS_Processor -c MIPS_Processor
quartus_eda --read_settings_files=off --write_settings_files=off MIPS_Processor -c MIPS_Processor



